Release 14.7 Map P.20131013 (nt)
Xilinx Mapping Report File for Design 'top'

Design Information
------------------
Command Line   : map -intstyle ise -p xc6slx9-tqg144-3 -w -logic_opt off -ol
high -t 1 -xt 0 -register_duplication off -r 4 -global_opt off -mt off -ir off
-pr off -lc off -power off -o top_map.ncd top.ngd top.pcf 
Target Device  : xc6slx9
Target Package : tqg144
Target Speed   : -3
Mapper Version : spartan6 -- $Revision: 1.55 $
Mapped Date    : Mon Jul 04 23:37:36 2022

Design Summary
--------------
Number of errors:      0
Number of warnings:   14
Slice Logic Utilization:
  Number of Slice Registers:                   239 out of  11,440    2%
    Number used as Flip Flops:                 239
    Number used as Latches:                      0
    Number used as Latch-thrus:                  0
    Number used as AND/OR logics:                0
  Number of Slice LUTs:                        771 out of   5,720   13%
    Number used as logic:                      695 out of   5,720   12%
      Number using O6 output only:             666
      Number using O5 output only:               0
      Number using O5 and O6:                   29
      Number used as ROM:                        0
    Number used as Memory:                      76 out of   1,440    5%
      Number used as Dual Port RAM:             44
        Number using O6 output only:             0
        Number using O5 output only:             0
        Number using O5 and O6:                 44
      Number used as Single Port RAM:           32
        Number using O6 output only:            32
        Number using O5 output only:             0
        Number using O5 and O6:                  0
      Number used as Shift Register:             0

Slice Logic Distribution:
  Number of occupied Slices:                   234 out of   1,430   16%
  Number of MUXCYs used:                        48 out of   2,860    1%
  Number of LUT Flip Flop pairs used:          801
    Number with an unused Flip Flop:           565 out of     801   70%
    Number with an unused LUT:                  30 out of     801    3%
    Number of fully used LUT-FF pairs:         206 out of     801   25%
    Number of unique control sets:               4
    Number of slice register sites lost
      to control set restrictions:               9 out of  11,440    1%

  A LUT Flip Flop pair for this architecture represents one LUT paired with
  one Flip Flop within a slice.  A control set is a unique combination of
  clock, reset, set, and enable signals for a registered element.
  The Slice Logic Distribution report is not meaningful if the design is
  over-mapped for a non-slice resource or if Placement fails.

IO Utilization:
  Number of bonded IOBs:                        67 out of     102   65%
    Number of LOCed IOBs:                       14 out of      67   20%

Specific Feature Utilization:
  Number of RAMB16BWERs:                         0 out of      32    0%
  Number of RAMB8BWERs:                          0 out of      64    0%
  Number of BUFIO2/BUFIO2_2CLKs:                 0 out of      32    0%
  Number of BUFIO2FB/BUFIO2FB_2CLKs:             0 out of      32    0%
  Number of BUFG/BUFGMUXs:                       1 out of      16    6%
    Number used as BUFGs:                        1
    Number used as BUFGMUX:                      0
  Number of DCM/DCM_CLKGENs:                     0 out of       4    0%
  Number of ILOGIC2/ISERDES2s:                   0 out of     200    0%
  Number of IODELAY2/IODRP2/IODRP2_MCBs:         0 out of     200    0%
  Number of OLOGIC2/OSERDES2s:                   0 out of     200    0%
  Number of BSCANs:                              0 out of       4    0%
  Number of BUFHs:                               0 out of     128    0%
  Number of BUFPLLs:                             0 out of       8    0%
  Number of BUFPLL_MCBs:                         0 out of       4    0%
  Number of DSP48A1s:                            0 out of      16    0%
  Number of ICAPs:                               0 out of       1    0%
  Number of MCBs:                                0 out of       2    0%
  Number of PCILOGICSEs:                         0 out of       2    0%
  Number of PLL_ADVs:                            0 out of       2    0%
  Number of PMVs:                                0 out of       1    0%
  Number of STARTUPs:                            0 out of       1    0%
  Number of SUSPEND_SYNCs:                       0 out of       1    0%

Average Fanout of Non-Clock Nets:                5.15

Peak Memory Usage:  280 MB
Total REAL time to MAP completion:  15 secs 
Total CPU time to MAP completion:   11 secs 

Table of Contents
-----------------
Section 1 - Errors
Section 2 - Warnings
Section 3 - Informational
Section 4 - Removed Logic Summary
Section 5 - Removed Logic
Section 6 - IOB Properties
Section 7 - RPMs
Section 8 - Guide Report
Section 9 - Area Group and Partition Summary
Section 10 - Timing Report
Section 11 - Configuration String Information
Section 12 - Control Set Information
Section 13 - Utilization by Hierarchy

Section 1 - Errors
------------------

Section 2 - Warnings
--------------------
WARNING:Place:837 - Partially locked IO Bus is found. 
    Following components of the bus are not locked: 
   	 Comp: WriteData<31>
   	 Comp: WriteData<30>
   	 Comp: WriteData<29>
   	 Comp: WriteData<28>
   	 Comp: WriteData<27>
   	 Comp: WriteData<26>
   	 Comp: WriteData<25>
   	 Comp: WriteData<24>
   	 Comp: WriteData<23>
   	 Comp: WriteData<22>
   	 Comp: WriteData<21>
   	 Comp: WriteData<20>
   	 Comp: WriteData<19>
   	 Comp: WriteData<18>
   	 Comp: WriteData<17>
   	 Comp: WriteData<16>
   	 Comp: WriteData<15>
   	 Comp: WriteData<14>
   	 Comp: WriteData<13>
   	 Comp: WriteData<12>
   	 Comp: WriteData<11>
   	 Comp: WriteData<10>
   	 Comp: WriteData<9>
   	 Comp: WriteData<8>
   	 Comp: WriteData<7>
   	 Comp: WriteData<6>
   	 Comp: WriteData<5>

WARNING:Place:838 - An IO Bus with more than one IO standard is found.
   Components associated with this bus are as follows: 
   	 Comp: WriteData<0>   IOSTANDARD = LVTTL
   	 Comp: WriteData<1>   IOSTANDARD = LVTTL
   	 Comp: WriteData<2>   IOSTANDARD = LVTTL
   	 Comp: WriteData<3>   IOSTANDARD = LVTTL
   	 Comp: WriteData<4>   IOSTANDARD = LVTTL
   	 Comp: WriteData<5>   IOSTANDARD = LVCMOS25
   	 Comp: WriteData<6>   IOSTANDARD = LVCMOS25
   	 Comp: WriteData<7>   IOSTANDARD = LVCMOS25
   	 Comp: WriteData<8>   IOSTANDARD = LVCMOS25
   	 Comp: WriteData<9>   IOSTANDARD = LVCMOS25
   	 Comp: WriteData<10>   IOSTANDARD = LVCMOS25
   	 Comp: WriteData<11>   IOSTANDARD = LVCMOS25
   	 Comp: WriteData<12>   IOSTANDARD = LVCMOS25
   	 Comp: WriteData<13>   IOSTANDARD = LVCMOS25
   	 Comp: WriteData<14>   IOSTANDARD = LVCMOS25
   	 Comp: WriteData<15>   IOSTANDARD = LVCMOS25
   	 Comp: WriteData<16>   IOSTANDARD = LVCMOS25
   	 Comp: WriteData<17>   IOSTANDARD = LVCMOS25
   	 Comp: WriteData<18>   IOSTANDARD = LVCMOS25
   	 Comp: WriteData<19>   IOSTANDARD = LVCMOS25
   	 Comp: WriteData<20>   IOSTANDARD = LVCMOS25
   	 Comp: WriteData<21>   IOSTANDARD = LVCMOS25
   	 Comp: WriteData<22>   IOSTANDARD = LVCMOS25
   	 Comp: WriteData<23>   IOSTANDARD = LVCMOS25
   	 Comp: WriteData<24>   IOSTANDARD = LVCMOS25
   	 Comp: WriteData<25>   IOSTANDARD = LVCMOS25
   	 Comp: WriteData<26>   IOSTANDARD = LVCMOS25
   	 Comp: WriteData<27>   IOSTANDARD = LVCMOS25
   	 Comp: WriteData<28>   IOSTANDARD = LVCMOS25
   	 Comp: WriteData<29>   IOSTANDARD = LVCMOS25
   	 Comp: WriteData<30>   IOSTANDARD = LVCMOS25
   	 Comp: WriteData<31>   IOSTANDARD = LVCMOS25


WARNING:Place:837 - Partially locked IO Bus is found. 
    Following components of the bus are not locked: 
   	 Comp: DataAdr<31>
   	 Comp: DataAdr<30>
   	 Comp: DataAdr<29>
   	 Comp: DataAdr<28>
   	 Comp: DataAdr<27>
   	 Comp: DataAdr<26>
   	 Comp: DataAdr<25>
   	 Comp: DataAdr<24>
   	 Comp: DataAdr<23>
   	 Comp: DataAdr<22>
   	 Comp: DataAdr<21>
   	 Comp: DataAdr<20>
   	 Comp: DataAdr<19>
   	 Comp: DataAdr<18>
   	 Comp: DataAdr<17>
   	 Comp: DataAdr<16>
   	 Comp: DataAdr<15>
   	 Comp: DataAdr<14>
   	 Comp: DataAdr<13>
   	 Comp: DataAdr<12>
   	 Comp: DataAdr<11>
   	 Comp: DataAdr<10>
   	 Comp: DataAdr<9>
   	 Comp: DataAdr<8>

WARNING:Place:838 - An IO Bus with more than one IO standard is found.
   Components associated with this bus are as follows: 
   	 Comp: DataAdr<0>   IOSTANDARD = LVTTL
   	 Comp: DataAdr<1>   IOSTANDARD = LVTTL
   	 Comp: DataAdr<2>   IOSTANDARD = LVTTL
   	 Comp: DataAdr<3>   IOSTANDARD = LVTTL
   	 Comp: DataAdr<4>   IOSTANDARD = LVTTL
   	 Comp: DataAdr<5>   IOSTANDARD = LVTTL
   	 Comp: DataAdr<6>   IOSTANDARD = LVTTL
   	 Comp: DataAdr<7>   IOSTANDARD = LVTTL
   	 Comp: DataAdr<8>   IOSTANDARD = LVCMOS25
   	 Comp: DataAdr<9>   IOSTANDARD = LVCMOS25
   	 Comp: DataAdr<10>   IOSTANDARD = LVCMOS25
   	 Comp: DataAdr<11>   IOSTANDARD = LVCMOS25
   	 Comp: DataAdr<12>   IOSTANDARD = LVCMOS25
   	 Comp: DataAdr<13>   IOSTANDARD = LVCMOS25
   	 Comp: DataAdr<14>   IOSTANDARD = LVCMOS25
   	 Comp: DataAdr<15>   IOSTANDARD = LVCMOS25
   	 Comp: DataAdr<16>   IOSTANDARD = LVCMOS25
   	 Comp: DataAdr<17>   IOSTANDARD = LVCMOS25
   	 Comp: DataAdr<18>   IOSTANDARD = LVCMOS25
   	 Comp: DataAdr<19>   IOSTANDARD = LVCMOS25
   	 Comp: DataAdr<20>   IOSTANDARD = LVCMOS25
   	 Comp: DataAdr<21>   IOSTANDARD = LVCMOS25
   	 Comp: DataAdr<22>   IOSTANDARD = LVCMOS25
   	 Comp: DataAdr<23>   IOSTANDARD = LVCMOS25
   	 Comp: DataAdr<24>   IOSTANDARD = LVCMOS25
   	 Comp: DataAdr<25>   IOSTANDARD = LVCMOS25
   	 Comp: DataAdr<26>   IOSTANDARD = LVCMOS25
   	 Comp: DataAdr<27>   IOSTANDARD = LVCMOS25
   	 Comp: DataAdr<28>   IOSTANDARD = LVCMOS25
   	 Comp: DataAdr<29>   IOSTANDARD = LVCMOS25
   	 Comp: DataAdr<30>   IOSTANDARD = LVCMOS25
   	 Comp: DataAdr<31>   IOSTANDARD = LVCMOS25


WARNING:PhysDesignRules:367 - The signal <rvmulti/dp/rf/Mram_rf14_RAMD_D1_O> is
   incomplete. The signal does not drive any load pins in the design.
WARNING:PhysDesignRules:367 - The signal <rvmulti/dp/rf/Mram_rf12_RAMD_D1_O> is
   incomplete. The signal does not drive any load pins in the design.
WARNING:PhysDesignRules:367 - The signal <rvmulti/dp/rf/Mram_rf13_RAMD_D1_O> is
   incomplete. The signal does not drive any load pins in the design.
WARNING:PhysDesignRules:367 - The signal <rvmulti/dp/rf/Mram_rf15_RAMD_D1_O> is
   incomplete. The signal does not drive any load pins in the design.
WARNING:PhysDesignRules:367 - The signal <rvmulti/dp/rf/Mram_rf1_RAMD_D1_O> is
   incomplete. The signal does not drive any load pins in the design.
WARNING:PhysDesignRules:367 - The signal <rvmulti/dp/rf/Mram_rf11_RAMD_D1_O> is
   incomplete. The signal does not drive any load pins in the design.
WARNING:PhysDesignRules:367 - The signal <rvmulti/dp/rf/Mram_rf2_RAMD_D1_O> is
   incomplete. The signal does not drive any load pins in the design.
WARNING:PhysDesignRules:367 - The signal <rvmulti/dp/rf/Mram_rf3_RAMD_D1_O> is
   incomplete. The signal does not drive any load pins in the design.
WARNING:PhysDesignRules:367 - The signal <rvmulti/dp/rf/Mram_rf5_RAMD_D1_O> is
   incomplete. The signal does not drive any load pins in the design.
WARNING:PhysDesignRules:367 - The signal <rvmulti/dp/rf/Mram_rf4_RAMD_D1_O> is
   incomplete. The signal does not drive any load pins in the design.

Section 3 - Informational
-------------------------
INFO:LIT:243 - Logical network rvmulti/dp/rf/Mram_rf62/SPO has no load.
INFO:LIT:395 - The above info message is repeated 3 more times for the following
   (max. 5 shown):
   rvmulti/dp/rf/Mram_rf61/SPO,
   rvmulti/dp/rf/Mram_rf161/SPO,
   rvmulti/dp/rf/Mram_rf162/SPO
   To see the details of these info messages, please use the -detail switch.
INFO:MapLib:562 - No environment variables are currently set.
INFO:LIT:244 - All of the single ended outputs in this design are using slew
   rate limited output drivers. The delay on speed critical single ended outputs
   can be dramatically reduced by designating them as fast outputs.
INFO:Pack:1716 - Initializing temperature to 85.000 Celsius. (default - Range:
   0.000 to 85.000 Celsius)
INFO:Pack:1720 - Initializing voltage to 1.140 Volts. (default - Range: 1.140 to
   1.260 Volts)
INFO:Map:215 - The Interim Design Summary has been generated in the MAP Report
   (.mrp).
INFO:Place:834 - Only a subset of IOs are locked. Out of 67 IOs, 14 are locked
   and 53 are not locked. If you would like to print the names of these IOs,
   please set the environment variable XIL_PAR_DESIGN_CHECK_VERBOSE to 1. 
INFO:Pack:1650 - Map created a placed design.

Section 4 - Removed Logic Summary
---------------------------------
   2 block(s) optimized away

Section 5 - Removed Logic
-------------------------

Optimized Block(s):
TYPE 		BLOCK
GND 		XST_GND
VCC 		XST_VCC

To enable printing of redundant blocks removed and signals merged, set the
detailed map report option and rerun map.

Section 6 - IOB Properties
--------------------------

+---------------------------------------------------------------------------------------------------------------------------------------------------------+
| IOB Name                           | Type             | Direction | IO Standard          | Diff  | Drive    | Slew | Reg (s)      | Resistor | IOB      |
|                                    |                  |           |                      | Term  | Strength | Rate |              |          | Delay    |
+---------------------------------------------------------------------------------------------------------------------------------------------------------+
| DataAdr<0>                         | IOB              | OUTPUT    | LVTTL                |       | 12       | SLOW |              |          |          |
| DataAdr<1>                         | IOB              | OUTPUT    | LVTTL                |       | 12       | SLOW |              |          |          |
| DataAdr<2>                         | IOB              | OUTPUT    | LVTTL                |       | 12       | SLOW |              |          |          |
| DataAdr<3>                         | IOB              | OUTPUT    | LVTTL                |       | 12       | SLOW |              |          |          |
| DataAdr<4>                         | IOB              | OUTPUT    | LVTTL                |       | 12       | SLOW |              |          |          |
| DataAdr<5>                         | IOB              | OUTPUT    | LVTTL                |       | 12       | SLOW |              |          |          |
| DataAdr<6>                         | IOB              | OUTPUT    | LVTTL                |       | 12       | SLOW |              |          |          |
| DataAdr<7>                         | IOB              | OUTPUT    | LVTTL                |       | 12       | SLOW |              |          |          |
| DataAdr<8>                         | IOB              | OUTPUT    | LVCMOS25             |       | 12       | SLOW |              |          |          |
| DataAdr<9>                         | IOB              | OUTPUT    | LVCMOS25             |       | 12       | SLOW |              |          |          |
| DataAdr<10>                        | IOB              | OUTPUT    | LVCMOS25             |       | 12       | SLOW |              |          |          |
| DataAdr<11>                        | IOB              | OUTPUT    | LVCMOS25             |       | 12       | SLOW |              |          |          |
| DataAdr<12>                        | IOB              | OUTPUT    | LVCMOS25             |       | 12       | SLOW |              |          |          |
| DataAdr<13>                        | IOB              | OUTPUT    | LVCMOS25             |       | 12       | SLOW |              |          |          |
| DataAdr<14>                        | IOB              | OUTPUT    | LVCMOS25             |       | 12       | SLOW |              |          |          |
| DataAdr<15>                        | IOB              | OUTPUT    | LVCMOS25             |       | 12       | SLOW |              |          |          |
| DataAdr<16>                        | IOB              | OUTPUT    | LVCMOS25             |       | 12       | SLOW |              |          |          |
| DataAdr<17>                        | IOB              | OUTPUT    | LVCMOS25             |       | 12       | SLOW |              |          |          |
| DataAdr<18>                        | IOB              | OUTPUT    | LVCMOS25             |       | 12       | SLOW |              |          |          |
| DataAdr<19>                        | IOB              | OUTPUT    | LVCMOS25             |       | 12       | SLOW |              |          |          |
| DataAdr<20>                        | IOB              | OUTPUT    | LVCMOS25             |       | 12       | SLOW |              |          |          |
| DataAdr<21>                        | IOB              | OUTPUT    | LVCMOS25             |       | 12       | SLOW |              |          |          |
| DataAdr<22>                        | IOB              | OUTPUT    | LVCMOS25             |       | 12       | SLOW |              |          |          |
| DataAdr<23>                        | IOB              | OUTPUT    | LVCMOS25             |       | 12       | SLOW |              |          |          |
| DataAdr<24>                        | IOB              | OUTPUT    | LVCMOS25             |       | 12       | SLOW |              |          |          |
| DataAdr<25>                        | IOB              | OUTPUT    | LVCMOS25             |       | 12       | SLOW |              |          |          |
| DataAdr<26>                        | IOB              | OUTPUT    | LVCMOS25             |       | 12       | SLOW |              |          |          |
| DataAdr<27>                        | IOB              | OUTPUT    | LVCMOS25             |       | 12       | SLOW |              |          |          |
| DataAdr<28>                        | IOB              | OUTPUT    | LVCMOS25             |       | 12       | SLOW |              |          |          |
| DataAdr<29>                        | IOB              | OUTPUT    | LVCMOS25             |       | 12       | SLOW |              |          |          |
| DataAdr<30>                        | IOB              | OUTPUT    | LVCMOS25             |       | 12       | SLOW |              |          |          |
| DataAdr<31>                        | IOB              | OUTPUT    | LVCMOS25             |       | 12       | SLOW |              |          |          |
| MemWrite                           | IOB              | OUTPUT    | LVCMOS25             |       | 12       | SLOW |              |          |          |
| WriteData<0>                       | IOB              | OUTPUT    | LVTTL                |       | 12       | SLOW |              |          |          |
| WriteData<1>                       | IOB              | OUTPUT    | LVTTL                |       | 12       | SLOW |              |          |          |
| WriteData<2>                       | IOB              | OUTPUT    | LVTTL                |       | 12       | SLOW |              |          |          |
| WriteData<3>                       | IOB              | OUTPUT    | LVTTL                |       | 12       | SLOW |              |          |          |
| WriteData<4>                       | IOB              | OUTPUT    | LVTTL                |       | 12       | SLOW |              |          |          |
| WriteData<5>                       | IOB              | OUTPUT    | LVCMOS25             |       | 12       | SLOW |              |          |          |
| WriteData<6>                       | IOB              | OUTPUT    | LVCMOS25             |       | 12       | SLOW |              |          |          |
| WriteData<7>                       | IOB              | OUTPUT    | LVCMOS25             |       | 12       | SLOW |              |          |          |
| WriteData<8>                       | IOB              | OUTPUT    | LVCMOS25             |       | 12       | SLOW |              |          |          |
| WriteData<9>                       | IOB              | OUTPUT    | LVCMOS25             |       | 12       | SLOW |              |          |          |
| WriteData<10>                      | IOB              | OUTPUT    | LVCMOS25             |       | 12       | SLOW |              |          |          |
| WriteData<11>                      | IOB              | OUTPUT    | LVCMOS25             |       | 12       | SLOW |              |          |          |
| WriteData<12>                      | IOB              | OUTPUT    | LVCMOS25             |       | 12       | SLOW |              |          |          |
| WriteData<13>                      | IOB              | OUTPUT    | LVCMOS25             |       | 12       | SLOW |              |          |          |
| WriteData<14>                      | IOB              | OUTPUT    | LVCMOS25             |       | 12       | SLOW |              |          |          |
| WriteData<15>                      | IOB              | OUTPUT    | LVCMOS25             |       | 12       | SLOW |              |          |          |
| WriteData<16>                      | IOB              | OUTPUT    | LVCMOS25             |       | 12       | SLOW |              |          |          |
| WriteData<17>                      | IOB              | OUTPUT    | LVCMOS25             |       | 12       | SLOW |              |          |          |
| WriteData<18>                      | IOB              | OUTPUT    | LVCMOS25             |       | 12       | SLOW |              |          |          |
| WriteData<19>                      | IOB              | OUTPUT    | LVCMOS25             |       | 12       | SLOW |              |          |          |
| WriteData<20>                      | IOB              | OUTPUT    | LVCMOS25             |       | 12       | SLOW |              |          |          |
| WriteData<21>                      | IOB              | OUTPUT    | LVCMOS25             |       | 12       | SLOW |              |          |          |
| WriteData<22>                      | IOB              | OUTPUT    | LVCMOS25             |       | 12       | SLOW |              |          |          |
| WriteData<23>                      | IOB              | OUTPUT    | LVCMOS25             |       | 12       | SLOW |              |          |          |
| WriteData<24>                      | IOB              | OUTPUT    | LVCMOS25             |       | 12       | SLOW |              |          |          |
| WriteData<25>                      | IOB              | OUTPUT    | LVCMOS25             |       | 12       | SLOW |              |          |          |
| WriteData<26>                      | IOB              | OUTPUT    | LVCMOS25             |       | 12       | SLOW |              |          |          |
| WriteData<27>                      | IOB              | OUTPUT    | LVCMOS25             |       | 12       | SLOW |              |          |          |
| WriteData<28>                      | IOB              | OUTPUT    | LVCMOS25             |       | 12       | SLOW |              |          |          |
| WriteData<29>                      | IOB              | OUTPUT    | LVCMOS25             |       | 12       | SLOW |              |          |          |
| WriteData<30>                      | IOB              | OUTPUT    | LVCMOS25             |       | 12       | SLOW |              |          |          |
| WriteData<31>                      | IOB              | OUTPUT    | LVCMOS25             |       | 12       | SLOW |              |          |          |
| clk                                | IOB              | INPUT     | LVTTL                |       |          |      |              |          |          |
| reset                              | IOB              | INPUT     | LVCMOS25             |       |          |      |              |          |          |
+---------------------------------------------------------------------------------------------------------------------------------------------------------+

Section 7 - RPMs
----------------

Section 8 - Guide Report
------------------------
Guide not run on this design.

Section 9 - Area Group and Partition Summary
--------------------------------------------

Partition Implementation Status
-------------------------------

  No Partitions were found in this design.

-------------------------------

Area Group Information
----------------------

  No area groups were found in this design.

----------------------

Section 10 - Timing Report
--------------------------
A logic-level (pre-route) timing report can be generated by using Xilinx static
timing analysis tools, Timing Analyzer (GUI) or TRCE (command line), with the
mapped NCD and PCF files. Please note that this timing report will be generated
using estimated delay information. For accurate numbers, please generate a
timing report with the post Place and Route NCD file.

For more information about the Timing Analyzer, consult the Xilinx Timing
Analyzer Reference Manual; for more information about TRCE, consult the Xilinx
Command Line Tools User Guide "TRACE" chapter.

Section 11 - Configuration String Details
-----------------------------------------
Use the "-detail" map option to print out Configuration Strings

Section 12 - Control Set Information
------------------------------------
Use the "-detail" map option to print out Control Set Information.

Section 13 - Utilization by Hierarchy
-------------------------------------
Use the "-detail" map option to print out the Utilization by Hierarchy section.
